SF:/home/ubuntu/Game/SpaceGame/SpaceBattle.Lib/Move/MoveCommand.cs
FN:9,System.Void SpaceBattle.Lib.MoveCommand::Execute()
FNDA:4,System.Void SpaceBattle.Lib.MoveCommand::Execute()
DA:10,4
DA:11,4
DA:12,1
FN:4,System.Void SpaceBattle.Lib.MoveCommand::.ctor(SpaceBattle.Lib.IMovable)
FNDA:4,System.Void SpaceBattle.Lib.MoveCommand::.ctor(SpaceBattle.Lib.IMovable)
DA:5,4
DA:6,4
DA:7,4
DA:8,4
LF:7
LH:7
BRF:0
BRH:0
FNF:2
FNH:2
end_of_record
SF:/home/ubuntu/Game/SpaceGame/SpaceBattle.Lib/Vector.cs
FN:11,System.Int32 SpaceBattle.Lib.Vector::get_Item(System.Int32)
FNDA:32,System.Int32 SpaceBattle.Lib.Vector::get_Item(System.Int32)
DA:12,32
DA:13,32
DA:14,32
FN:16,SpaceBattle.Lib.Vector SpaceBattle.Lib.Vector::op_Addition(SpaceBattle.Lib.Vector,SpaceBattle.Lib.Vector)
FNDA:4,SpaceBattle.Lib.Vector SpaceBattle.Lib.Vector::op_Addition(SpaceBattle.Lib.Vector,SpaceBattle.Lib.Vector)
DA:17,4
DA:18,4
DA:19,1
DA:20,3
DA:21,3
DA:22,18
DA:23,6
DA:24,3
DA:26,3
BRDA:18,20,0,1
BRDA:18,20,1,3
BRDA:22,78,1,6
BRDA:22,78,0,3
FN:26,SpaceBattle.Lib.Vector SpaceBattle.Lib.Vector::op_Subtraction(SpaceBattle.Lib.Vector,SpaceBattle.Lib.Vector)
FNDA:2,SpaceBattle.Lib.Vector SpaceBattle.Lib.Vector::op_Subtraction(SpaceBattle.Lib.Vector,SpaceBattle.Lib.Vector)
DA:27,2
DA:28,2
DA:29,1
DA:30,1
DA:31,1
DA:32,6
DA:33,2
DA:34,1
DA:36,1
BRDA:28,20,0,1
BRDA:28,20,1,1
BRDA:32,78,1,2
BRDA:32,78,0,1
FN:37,System.Boolean SpaceBattle.Lib.Vector::op_Equality(SpaceBattle.Lib.Vector,SpaceBattle.Lib.Vector)
FNDA:5,System.Boolean SpaceBattle.Lib.Vector::op_Equality(SpaceBattle.Lib.Vector,SpaceBattle.Lib.Vector)
DA:38,5
DA:39,5
DA:40,1
DA:41,4
DA:43,24
DA:44,12
DA:45,4
DA:46,5
BRDA:39,20,0,1
BRDA:39,20,1,4
BRDA:43,76,1,8
BRDA:44,55,0,4
BRDA:44,55,1,8
BRDA:43,76,0,4
FN:46,System.Boolean SpaceBattle.Lib.Vector::op_Inequality(SpaceBattle.Lib.Vector,SpaceBattle.Lib.Vector)
FNDA:2,System.Boolean SpaceBattle.Lib.Vector::op_Inequality(SpaceBattle.Lib.Vector,SpaceBattle.Lib.Vector)
DA:47,2
DA:48,2
DA:49,2
FN:50,System.Boolean SpaceBattle.Lib.Vector::Equals(System.Object)
FNDA:6,System.Boolean SpaceBattle.Lib.Vector::Equals(System.Object)
DA:51,6
BRDA:51,8,0,5
BRDA:51,8,1,1
FN:52,System.Int32 SpaceBattle.Lib.Vector::GetHashCode()
FNDA:2,System.Int32 SpaceBattle.Lib.Vector::GetHashCode()
DA:53,2
DA:54,2
DA:55,18
DA:56,4
DA:57,4
DA:58,2
DA:60,2
BRDA:55,51,1,4
BRDA:55,51,0,2
FN:5,System.Void SpaceBattle.Lib.Vector::.ctor(System.Int32[])
FNDA:38,System.Void SpaceBattle.Lib.Vector::.ctor(System.Int32[])
DA:6,38
DA:7,76
DA:8,38
DA:9,38
DA:10,38
LF:45
LH:45
BRF:18
BRH:18
FNF:8
FNH:8
end_of_record